<?xml version="1.0" encoding="UTF-8"?>
<!-- Generated by org.testng.reporters.JUnitXMLReporter -->
<testsuite hostname="LAPTOP-RIG0VRNQ" name="Test" tests="6" failures="1" timestamp="8 Dec 2019 09:59:16 GMT" time="0.075" errors="0">
  <testcase name="main" time="0.011" classname="com.test.HangmanTest">
    <failure type="java.lang.RuntimeException" message="Test not implemented">
      <![CDATA[java.lang.RuntimeException: Test not implemented
	at com.test.HangmanTest.main(HangmanTest.java:9)
... Removed 25 stack frames]]>
    </failure>
  </testcase> <!-- main -->
  <testcase name="enterLetter" time="0.007" classname="com.test.ConsoleInputTest"/>
  <testcase name="findEmptyPosition" time="0.002" classname="com.test.ConsoleInputTest"/>
  <testcase name="inEnteredLetters" time="0.001" classname="com.test.ConsoleInputTest"/>
  <testcase name="printWord" time="0.005" classname="com.test.ConsoleInputTest"/>
  <testcase name="readLines" time="0.001" classname="com.test.WordReaderTest"/>
</testsuite> <!-- Test -->
